{"/home/jericoestanislao/Documents/FTAuth/index.js":{"path":"/home/jericoestanislao/Documents/FTAuth/index.js","s":{"1":1,"2":1,"3":1,"4":1},"b":{},"f":{},"fnMap":{},"statementMap":{"1":{"start":{"line":1,"column":0},"end":{"line":1,"column":60}},"2":{"start":{"line":2,"column":0},"end":{"line":2,"column":57}},"3":{"start":{"line":3,"column":0},"end":{"line":3,"column":44}},"4":{"start":{"line":5,"column":0},"end":{"line":9,"column":1}}},"branchMap":{}},"/home/jericoestanislao/Documents/FTAuth/src/main/authentication.js":{"path":"/home/jericoestanislao/Documents/FTAuth/src/main/authentication.js","s":{"1":1,"2":1,"3":2,"4":2,"5":1,"6":1,"7":1,"8":2,"9":2,"10":1,"11":1,"12":2,"13":2,"14":1,"15":1},"b":{"1":[1,1],"2":[2,2]},"f":{},"fnMap":{},"statementMap":{"1":{"start":{"line":1,"column":0},"end":{"line":1,"column":36}},"2":{"start":{"line":3,"column":0},"end":{"line":15,"column":2}},"3":{"start":{"line":4,"column":4},"end":{"line":14,"column":5}},"4":{"start":{"line":5,"column":8},"end":{"line":8,"column":50}},"5":{"start":{"line":10,"column":8},"end":{"line":10,"column":21}},"6":{"start":{"line":13,"column":8},"end":{"line":13,"column":21}},"7":{"start":{"line":17,"column":0},"end":{"line":34,"column":2}},"8":{"start":{"line":18,"column":4},"end":{"line":18,"column":28}},"9":{"start":{"line":19,"column":4},"end":{"line":24,"column":5}},"10":{"start":{"line":20,"column":8},"end":{"line":20,"column":41}},"11":{"start":{"line":23,"column":8},"end":{"line":23,"column":27}},"12":{"start":{"line":27,"column":4},"end":{"line":33,"column":5}},"13":{"start":{"line":28,"column":8},"end":{"line":28,"column":46}},"14":{"start":{"line":29,"column":8},"end":{"line":29,"column":28}},"15":{"start":{"line":32,"column":8},"end":{"line":32,"column":21}}},"branchMap":{"1":{"line":19,"type":"if","locations":[{"start":{"line":19,"column":4},"end":{"line":19,"column":4}},{"start":{"line":19,"column":4},"end":{"line":19,"column":4}}]},"2":{"line":19,"type":"binary-expr","locations":[{"start":{"line":19,"column":8},"end":{"line":19,"column":37}},{"start":{"line":19,"column":41},"end":{"line":19,"column":70}}]}}},"/home/jericoestanislao/Documents/FTAuth/src/main/authorization.js":{"path":"/home/jericoestanislao/Documents/FTAuth/src/main/authorization.js","s":{"1":1,"2":1,"3":1,"4":3,"5":2,"6":3,"7":3,"8":1,"9":3,"10":1,"11":4,"12":4,"13":4,"14":4,"15":1,"16":3,"17":3,"18":2,"19":2,"20":2,"21":1,"22":1,"23":1,"24":1,"25":6,"26":1,"27":1},"b":{"1":[2,1],"2":[1,2],"3":[3,3],"4":[1,3],"5":[4,4,3],"6":[2,1],"7":[1,1]},"f":{},"fnMap":{},"statementMap":{"1":{"start":{"line":1,"column":0},"end":{"line":1,"column":61}},"2":{"start":{"line":3,"column":0},"end":{"line":3,"column":13}},"3":{"start":{"line":5,"column":0},"end":{"line":23,"column":2}},"4":{"start":{"line":8,"column":4},"end":{"line":10,"column":5}},"5":{"start":{"line":9,"column":8},"end":{"line":9,"column":24}},"6":{"start":{"line":12,"column":4},"end":{"line":21,"column":6}},"7":{"start":{"line":14,"column":12},"end":{"line":17,"column":13}},"8":{"start":{"line":16,"column":16},"end":{"line":16,"column":82}},"9":{"start":{"line":19,"column":12},"end":{"line":19,"column":19}},"10":{"start":{"line":25,"column":0},"end":{"line":53,"column":2}},"11":{"start":{"line":26,"column":4},"end":{"line":51,"column":6}},"12":{"start":{"line":29,"column":12},"end":{"line":29,"column":39}},"13":{"start":{"line":30,"column":12},"end":{"line":30,"column":47}},"14":{"start":{"line":33,"column":12},"end":{"line":35,"column":13}},"15":{"start":{"line":34,"column":16},"end":{"line":34,"column":30}},"16":{"start":{"line":37,"column":12},"end":{"line":48,"column":17}},"17":{"start":{"line":38,"column":20},"end":{"line":47,"column":21}},"18":{"start":{"line":39,"column":24},"end":{"line":41,"column":27}},"19":{"start":{"line":40,"column":28},"end":{"line":40,"column":54}},"20":{"start":{"line":42,"column":24},"end":{"line":46,"column":25}},"21":{"start":{"line":43,"column":28},"end":{"line":43,"column":42}},"22":{"start":{"line":45,"column":28},"end":{"line":45,"column":96}},"23":{"start":{"line":49,"column":12},"end":{"line":49,"column":26}},"24":{"start":{"line":55,"column":0},"end":{"line":57,"column":2}},"25":{"start":{"line":56,"column":4},"end":{"line":56,"column":27}},"26":{"start":{"line":59,"column":0},"end":{"line":61,"column":1}},"27":{"start":{"line":60,"column":4},"end":{"line":60,"column":20}}},"branchMap":{"1":{"line":8,"type":"if","locations":[{"start":{"line":8,"column":4},"end":{"line":8,"column":4}},{"start":{"line":8,"column":4},"end":{"line":8,"column":4}}]},"2":{"line":14,"type":"if","locations":[{"start":{"line":14,"column":12},"end":{"line":14,"column":12}},{"start":{"line":14,"column":12},"end":{"line":14,"column":12}}]},"3":{"line":14,"type":"binary-expr","locations":[{"start":{"line":14,"column":16},"end":{"line":14,"column":28}},{"start":{"line":14,"column":32},"end":{"line":14,"column":57}}]},"4":{"line":33,"type":"if","locations":[{"start":{"line":33,"column":12},"end":{"line":33,"column":12}},{"start":{"line":33,"column":12},"end":{"line":33,"column":12}}]},"5":{"line":33,"type":"binary-expr","locations":[{"start":{"line":33,"column":15},"end":{"line":33,"column":24}},{"start":{"line":33,"column":28},"end":{"line":33,"column":39}},{"start":{"line":33,"column":43},"end":{"line":33,"column":52}}]},"6":{"line":38,"type":"if","locations":[{"start":{"line":38,"column":20},"end":{"line":38,"column":20}},{"start":{"line":38,"column":20},"end":{"line":38,"column":20}}]},"7":{"line":42,"type":"if","locations":[{"start":{"line":42,"column":24},"end":{"line":42,"column":24}},{"start":{"line":42,"column":24},"end":{"line":42,"column":24}}]}}},"/home/jericoestanislao/Documents/FTAuth/src/_helper/paths.js":{"path":"/home/jericoestanislao/Documents/FTAuth/src/_helper/paths.js","s":{"1":1,"2":1,"3":6,"4":1,"5":4,"6":1,"7":4,"8":1,"9":4,"10":1,"11":2,"12":2,"13":2,"14":1,"15":1},"b":{"1":[1,1],"2":[2,1]},"f":{},"fnMap":{},"statementMap":{"1":{"start":{"line":1,"column":0},"end":{"line":1,"column":25}},"2":{"start":{"line":3,"column":0},"end":{"line":5,"column":2}},"3":{"start":{"line":4,"column":4},"end":{"line":4,"column":21}},"4":{"start":{"line":7,"column":0},"end":{"line":9,"column":1}},"5":{"start":{"line":8,"column":4},"end":{"line":8,"column":20}},"6":{"start":{"line":11,"column":0},"end":{"line":13,"column":1}},"7":{"start":{"line":12,"column":4},"end":{"line":12,"column":22}},"8":{"start":{"line":15,"column":0},"end":{"line":17,"column":1}},"9":{"start":{"line":16,"column":4},"end":{"line":16,"column":28}},"10":{"start":{"line":19,"column":0},"end":{"line":28,"column":1}},"11":{"start":{"line":20,"column":4},"end":{"line":20,"column":21}},"12":{"start":{"line":22,"column":4},"end":{"line":26,"column":5}},"13":{"start":{"line":23,"column":8},"end":{"line":25,"column":9}},"14":{"start":{"line":24,"column":12},"end":{"line":24,"column":24}},"15":{"start":{"line":27,"column":4},"end":{"line":27,"column":17}}},"branchMap":{"1":{"line":23,"type":"if","locations":[{"start":{"line":23,"column":8},"end":{"line":23,"column":8}},{"start":{"line":23,"column":8},"end":{"line":23,"column":8}}]},"2":{"line":23,"type":"binary-expr","locations":[{"start":{"line":23,"column":12},"end":{"line":23,"column":34}},{"start":{"line":23,"column":38},"end":{"line":23,"column":66}}]}}}}