TN:
SF:/media/jorelleagustin/DATA/FTAuth/index.js
FNF:0
FNH:0
DA:1,1
DA:2,1
DA:4,1
LF:3
LH:3
BRF:0
BRH:0
end_of_record
TN:
SF:/media/jorelleagustin/DATA/FTAuth/src/main/authentication.js
FNF:0
FNH:0
DA:1,1
DA:3,1
DA:4,1
DA:5,1
DA:6,1
DA:11,1
DA:15,1
DA:18,0
DA:22,1
DA:23,1
DA:24,0
DA:26,1
DA:27,1
DA:29,1
DA:30,1
DA:31,0
DA:34,1
LF:17
LH:14
BRDA:23,1,0,0
BRDA:23,1,1,1
BRF:2
BRH:1
end_of_record
TN:
SF:/media/jorelleagustin/DATA/FTAuth/src/main/authorization.js
FNF:0
FNH:0
DA:2,1
DA:5,1
DA:6,1
DA:9,1
DA:11,1
DA:13,1
DA:16,1
DA:22,1
DA:23,2
LF:9
LH:9
BRDA:5,1,0,1
BRDA:5,1,1,0
BRDA:11,2,0,1
BRDA:11,2,1,0
BRDA:11,3,0,1
BRDA:11,3,1,1
BRF:6
BRH:4
end_of_record
TN:
SF:/media/jorelleagustin/DATA/FTAuth/src/_helper/role.js
FNF:0
FNH:0
DA:1,1
LF:1
LH:1
BRF:0
BRH:0
end_of_record
