TN:
SF:/home/jericoestanislao/Documents/FTAuth/index.js
FNF:0
FNH:0
DA:1,1
DA:2,1
DA:3,1
DA:5,1
LF:4
LH:4
BRF:0
BRH:0
end_of_record
TN:
SF:/home/jericoestanislao/Documents/FTAuth/src/main/authentication.js
FNF:0
FNH:0
DA:1,1
DA:3,1
DA:4,2
DA:5,2
DA:10,1
DA:13,1
DA:17,1
DA:18,2
DA:19,2
DA:20,1
DA:23,1
DA:27,2
DA:28,2
DA:29,1
DA:32,1
LF:15
LH:15
BRDA:19,1,0,1
BRDA:19,1,1,1
BRDA:19,2,0,2
BRDA:19,2,1,2
BRF:4
BRH:4
end_of_record
TN:
SF:/home/jericoestanislao/Documents/FTAuth/src/main/authorization.js
FNF:0
FNH:0
DA:1,1
DA:3,1
DA:5,1
DA:8,3
DA:9,2
DA:12,3
DA:14,3
DA:16,1
DA:19,3
DA:25,1
DA:26,4
DA:29,4
DA:30,4
DA:33,4
DA:34,1
DA:37,3
DA:38,3
DA:39,2
DA:40,2
DA:42,2
DA:43,1
DA:45,1
DA:49,1
DA:55,1
DA:56,6
DA:59,1
DA:60,1
LF:27
LH:27
BRDA:8,1,0,2
BRDA:8,1,1,1
BRDA:14,2,0,1
BRDA:14,2,1,2
BRDA:14,3,0,3
BRDA:14,3,1,3
BRDA:33,4,0,1
BRDA:33,4,1,3
BRDA:33,5,0,4
BRDA:33,5,1,4
BRDA:33,5,2,3
BRDA:38,6,0,2
BRDA:38,6,1,1
BRDA:42,7,0,1
BRDA:42,7,1,1
BRF:15
BRH:15
end_of_record
TN:
SF:/home/jericoestanislao/Documents/FTAuth/src/_helper/paths.js
FNF:0
FNH:0
DA:1,1
DA:3,1
DA:4,6
DA:7,1
DA:8,4
DA:11,1
DA:12,4
DA:15,1
DA:16,4
DA:19,1
DA:20,2
DA:22,2
DA:23,2
DA:24,1
DA:27,1
LF:15
LH:15
BRDA:23,1,0,1
BRDA:23,1,1,1
BRDA:23,2,0,2
BRDA:23,2,1,1
BRF:4
BRH:4
end_of_record
